Wed Feb 20 00:49:02 PST 2013
System Information: 
#58-Ubuntu SMP Thu Jan 24 15:28:10 UTC 2013
Compiler Information: 
gcc (Ubuntu/Linaro 4.6.3-1ubuntu5) 4.6.3
Copyright (C) 2011 Free Software Foundation, Inc.
This is free software; see the source for copying conditions.  There is NO
warranty; not even for MERCHANTABILITY or FITNESS FOR A PARTICULAR PURPOSE.

g++ (Ubuntu/Linaro 4.6.3-1ubuntu5) 4.6.3
Copyright (C) 2011 Free Software Foundation, Inc.
This is free software; see the source for copying conditions.  There is NO
warranty; not even for MERCHANTABILITY or FITNESS FOR A PARTICULAR PURPOSE.

cmake version 2.8.10.2
# Release build directory:
	 RELEASE_DIR=release
# Debug build directory (optimization disabled):
	 DEBUG_DIR=debug
# Directory in which graphlab is installed (prefix):
	 INSTALL_DIR=/usr/local
# Is experimental (research) code enabled:
	 EXPERIMENTAL=false
# The graphlab home directory: 
	 GRAPHLAB_HOME=/home/haijieg/workspace/graphlab/graphlab3
# The directory in which graphlab installs external dependencies:
	 DEPS_PREFIX=/home/haijieg/workspace/graphlab/graphlab3/deps/local
# Use OpenMP?  This can accelerate some graph building code: 
	 NO_OPENMP=false
# The c compiler to use: 
	 CC=gcc
# The c++ compiler to use: 
	 CXX=g++
# Any addition user defined CFLAGS: 
	 CFLAGS=
# The Java compiler: 
	 JAVAC=javac
# The cmake binary used to geneate the project:
	 CMAKE=/home/haijieg/workspace/graphlab/graphlab3/deps/local/bin/cmake



======================= Release ========================
/home/haijieg/workspace/graphlab/graphlab3/deps/local/bin/cmake -D CMAKE_BUILD_TYPE=Release -D NO_OPENMP:BOOL=false -D CMAKE_INSTALL_PREFIX:STRING=/usr/local -D EXPERIMENTAL:BOOL=false -D CPP11:BOOL=false ../.
-- Boost libs: /home/haijieg/workspace/graphlab/graphlab3/deps/local/lib/libboost_filesystem.a/home/haijieg/workspace/graphlab/graphlab3/deps/local/lib/libboost_thread.a/home/haijieg/workspace/graphlab/graphlab3/deps/local/lib/libboost_program_options.a/home/haijieg/workspace/graphlab/graphlab3/deps/local/lib/libboost_system.a/home/haijieg/workspace/graphlab/graphlab3/deps/local/lib/libboost_iostreams.a/home/haijieg/workspace/graphlab/graphlab3/deps/local/lib/libboost_date_time.a
-- Boost libs: /home/haijieg/workspace/graphlab/graphlab3/deps/local/lib/libboost_filesystem.a
-- Boost dyn libs: /home/haijieg/workspace/graphlab/graphlab3/deps/local/lib/libboost_filesystem.so
-- Boost libs: /home/haijieg/workspace/graphlab/graphlab3/deps/local/lib/libboost_thread.a
-- Boost dyn libs: /home/haijieg/workspace/graphlab/graphlab3/deps/local/lib/libboost_thread.so
-- Boost libs: /home/haijieg/workspace/graphlab/graphlab3/deps/local/lib/libboost_program_options.a
-- Boost dyn libs: /home/haijieg/workspace/graphlab/graphlab3/deps/local/lib/libboost_program_options.so
-- Boost libs: /home/haijieg/workspace/graphlab/graphlab3/deps/local/lib/libboost_system.a
-- Boost dyn libs: /home/haijieg/workspace/graphlab/graphlab3/deps/local/lib/libboost_system.so
-- Boost libs: /home/haijieg/workspace/graphlab/graphlab3/deps/local/lib/libboost_iostreams.a
-- Boost dyn libs: /home/haijieg/workspace/graphlab/graphlab3/deps/local/lib/libboost_iostreams.so
-- Boost libs: /home/haijieg/workspace/graphlab/graphlab3/deps/local/lib/libboost_date_time.a
-- Boost dyn libs: /home/haijieg/workspace/graphlab/graphlab3/deps/local/lib/libboost_date_time.so
-- Boost Shared libs: /home/haijieg/workspace/graphlab/graphlab3/deps/local/lib/libboost_filesystem.so/home/haijieg/workspace/graphlab/graphlab3/deps/local/lib/libboost_thread.so/home/haijieg/workspace/graphlab/graphlab3/deps/local/lib/libboost_program_options.so/home/haijieg/workspace/graphlab/graphlab3/deps/local/lib/libboost_system.so/home/haijieg/workspace/graphlab/graphlab3/deps/local/lib/libboost_iostreams.so/home/haijieg/workspace/graphlab/graphlab3/deps/local/lib/libboost_date_time.so
-- Found Java: /usr/lib/jvm/java-6-openjdk-amd64/bin/java (found version "1.6.0.27") 
-- Found JNI: /usr/lib/jvm/java-6-openjdk-amd64/jre/lib/amd64/libjawt.so  
-- jni.h was found at /usr/lib/jvm/java-6-openjdk-amd64/include/jni.h
-- Java home set by user: /usr/lib/jvm/java-6-openjdk-amd64/
-- Found ANT: /usr/bin/ant  
-- Building libhdfs
-- MPI libnames: -lmpi_cxx;-lmpi;-lopen-rte;-lopen-pal;-ldl;-lnsl;-lutil;-lm;-ldl
-- MPI libraries: /usr/lib/openmpi/lib/libmpi_cxx.so;/usr/lib/openmpi/lib/libmpi.so;/usr/lib/openmpi/lib/libopen-rte.so;/usr/lib/openmpi/lib/libopen-pal.so;/usr/lib/x86_64-linux-gnu/libdl.so;/usr/lib/x86_64-linux-gnu/libnsl.so;/usr/lib/x86_64-linux-gnu/libutil.so;/usr/lib/x86_64-linux-gnu/libm.so;/usr/lib/x86_64-linux-gnu/libdl.so
-- Found MPI: /usr/lib/openmpi/lib/libmpi_cxx.so  
-- MPI Found: /usr/lib/openmpi/lib/libmpi_cxx.so/usr/lib/openmpi/lib/libmpi.so/usr/lib/openmpi/lib/libopen-rte.so/usr/lib/openmpi/lib/libopen-pal.so/usr/lib/x86_64-linux-gnu/libdl.so/usr/lib/x86_64-linux-gnu/libnsl.so/usr/lib/x86_64-linux-gnu/libutil.so/usr/lib/x86_64-linux-gnu/libm.so/usr/lib/x86_64-linux-gnu/libdl.so
-- Looking for pthread_setaffinity_np
-- Looking for pthread_setaffinity_np - found
-- Performing Test HAS_MARCH_NATIVE
-- Performing Test HAS_MARCH_NATIVE - Success
-- Performing Test HAS_MTUNE_NATIVE
-- Performing Test HAS_MTUNE_NATIVE - Success
-- Performing Test HAS_CRC32
-- Performing Test HAS_CRC32 - Success
-- Release build with C++ flags: -O3 -march=native -mtune=native  -Wall -g  -fopenmp -DHAS_BUILTIN_CRC32
-- Release build with C flags: -O3 -march=native -mtune=native  -Wall -g  -fopenmp
-- Configuring done
-- Generating done
-- Build files have been written to: /home/haijieg/workspace/graphlab/graphlab3/release



======================= Debug =========================
/home/haijieg/workspace/graphlab/graphlab3/deps/local/bin/cmake -D CMAKE_BUILD_TYPE=Debug -D NO_OPENMP:BOOL=false -D CMAKE_INSTALL_PREFIX:STRING=/usr/local -D EXPERIMENTAL:BOOL=false -D CPP11:BOOL=false ../.
-- Boost libs: /home/haijieg/workspace/graphlab/graphlab3/deps/local/lib/libboost_filesystem.a/home/haijieg/workspace/graphlab/graphlab3/deps/local/lib/libboost_thread.a/home/haijieg/workspace/graphlab/graphlab3/deps/local/lib/libboost_program_options.a/home/haijieg/workspace/graphlab/graphlab3/deps/local/lib/libboost_system.a/home/haijieg/workspace/graphlab/graphlab3/deps/local/lib/libboost_iostreams.a/home/haijieg/workspace/graphlab/graphlab3/deps/local/lib/libboost_date_time.a
-- Boost libs: /home/haijieg/workspace/graphlab/graphlab3/deps/local/lib/libboost_filesystem.a
-- Boost dyn libs: /home/haijieg/workspace/graphlab/graphlab3/deps/local/lib/libboost_filesystem.so
-- Boost libs: /home/haijieg/workspace/graphlab/graphlab3/deps/local/lib/libboost_thread.a
-- Boost dyn libs: /home/haijieg/workspace/graphlab/graphlab3/deps/local/lib/libboost_thread.so
-- Boost libs: /home/haijieg/workspace/graphlab/graphlab3/deps/local/lib/libboost_program_options.a
-- Boost dyn libs: /home/haijieg/workspace/graphlab/graphlab3/deps/local/lib/libboost_program_options.so
-- Boost libs: /home/haijieg/workspace/graphlab/graphlab3/deps/local/lib/libboost_system.a
-- Boost dyn libs: /home/haijieg/workspace/graphlab/graphlab3/deps/local/lib/libboost_system.so
-- Boost libs: /home/haijieg/workspace/graphlab/graphlab3/deps/local/lib/libboost_iostreams.a
-- Boost dyn libs: /home/haijieg/workspace/graphlab/graphlab3/deps/local/lib/libboost_iostreams.so
-- Boost libs: /home/haijieg/workspace/graphlab/graphlab3/deps/local/lib/libboost_date_time.a
-- Boost dyn libs: /home/haijieg/workspace/graphlab/graphlab3/deps/local/lib/libboost_date_time.so
-- Boost Shared libs: /home/haijieg/workspace/graphlab/graphlab3/deps/local/lib/libboost_filesystem.so/home/haijieg/workspace/graphlab/graphlab3/deps/local/lib/libboost_thread.so/home/haijieg/workspace/graphlab/graphlab3/deps/local/lib/libboost_program_options.so/home/haijieg/workspace/graphlab/graphlab3/deps/local/lib/libboost_system.so/home/haijieg/workspace/graphlab/graphlab3/deps/local/lib/libboost_iostreams.so/home/haijieg/workspace/graphlab/graphlab3/deps/local/lib/libboost_date_time.so
-- Found Java: /usr/lib/jvm/java-6-openjdk-amd64/bin/java (found version "1.6.0.27") 
-- Found JNI: /usr/lib/jvm/java-6-openjdk-amd64/jre/lib/amd64/libjawt.so  
-- jni.h was found at /usr/lib/jvm/java-6-openjdk-amd64/include/jni.h
-- Java home set by user: /usr/lib/jvm/java-6-openjdk-amd64/
-- Found ANT: /usr/bin/ant  
-- Building libhdfs
-- MPI libnames: -lmpi_cxx;-lmpi;-lopen-rte;-lopen-pal;-ldl;-lnsl;-lutil;-lm;-ldl
-- MPI libraries: /usr/lib/openmpi/lib/libmpi_cxx.so;/usr/lib/openmpi/lib/libmpi.so;/usr/lib/openmpi/lib/libopen-rte.so;/usr/lib/openmpi/lib/libopen-pal.so;/usr/lib/x86_64-linux-gnu/libdl.so;/usr/lib/x86_64-linux-gnu/libnsl.so;/usr/lib/x86_64-linux-gnu/libutil.so;/usr/lib/x86_64-linux-gnu/libm.so;/usr/lib/x86_64-linux-gnu/libdl.so
-- Found MPI: /usr/lib/openmpi/lib/libmpi_cxx.so  
-- MPI Found: /usr/lib/openmpi/lib/libmpi_cxx.so/usr/lib/openmpi/lib/libmpi.so/usr/lib/openmpi/lib/libopen-rte.so/usr/lib/openmpi/lib/libopen-pal.so/usr/lib/x86_64-linux-gnu/libdl.so/usr/lib/x86_64-linux-gnu/libnsl.so/usr/lib/x86_64-linux-gnu/libutil.so/usr/lib/x86_64-linux-gnu/libm.so/usr/lib/x86_64-linux-gnu/libdl.so
-- Looking for pthread_setaffinity_np
-- Looking for pthread_setaffinity_np - found
-- Performing Test HAS_MARCH_NATIVE
-- Performing Test HAS_MARCH_NATIVE - Success
-- Performing Test HAS_MTUNE_NATIVE
-- Performing Test HAS_MTUNE_NATIVE - Success
-- Performing Test HAS_CRC32
-- Performing Test HAS_CRC32 - Success
-- Debug build with C++ flags: -O0 -march=native -Winit-self  -Wall -g  -fopenmp
-- Debug build with C flags: -O0 -march=native -Winit-self  -Wall -g  -fopenmp
-- Configuring done
-- Generating done
-- Build files have been written to: /home/haijieg/workspace/graphlab/graphlab3/debug
